Performing C SOURCE FILE Test CMAKE_HAVE_LIBC_PTHREAD failed with the following output:
Change Dir: /home/jared/Physzy/cmake-build-debug/CMakeFiles/CMakeTmp

Run Build Command(s):/usr/bin/make cmTC_24a1a/fast && /usr/bin/make -f CMakeFiles/cmTC_24a1a.dir/build.make CMakeFiles/cmTC_24a1a.dir/build
make[1]: Entering directory '/home/jared/Physzy/cmake-build-debug/CMakeFiles/CMakeTmp'
Building C object CMakeFiles/cmTC_24a1a.dir/src.c.o
/opt/clang-dev/install/bin/clang   -DCMAKE_HAVE_LIBC_PTHREAD   -o CMakeFiles/cmTC_24a1a.dir/src.c.o   -c /home/jared/Physzy/cmake-build-debug/CMakeFiles/CMakeTmp/src.c
Linking C executable cmTC_24a1a
/home/jared/.local/share/JetBrains/Toolbox/apps/CLion/ch-0/193.5662.56/bin/cmake/linux/bin/cmake -E cmake_link_script CMakeFiles/cmTC_24a1a.dir/link.txt --verbose=1
/opt/clang-dev/install/bin/clang  -DCMAKE_HAVE_LIBC_PTHREAD    -rdynamic CMakeFiles/cmTC_24a1a.dir/src.c.o  -o cmTC_24a1a 
CMakeFiles/cmTC_24a1a.dir/src.c.o: In function `main':
src.c:(.text+0x35): undefined reference to `pthread_create'
src.c:(.text+0x41): undefined reference to `pthread_detach'
src.c:(.text+0x53): undefined reference to `pthread_join'
src.c:(.text+0x6a): undefined reference to `pthread_atfork'
clang-8: error: linker command failed with exit code 1 (use -v to see invocation)
CMakeFiles/cmTC_24a1a.dir/build.make:86: recipe for target 'cmTC_24a1a' failed
make[1]: *** [cmTC_24a1a] Error 1
make[1]: Leaving directory '/home/jared/Physzy/cmake-build-debug/CMakeFiles/CMakeTmp'
Makefile:121: recipe for target 'cmTC_24a1a/fast' failed
make: *** [cmTC_24a1a/fast] Error 2


Source file was:
#include <pthread.h>

void* test_func(void* data)
{
  return data;
}

int main(void)
{
  pthread_t thread;
  pthread_create(&thread, NULL, test_func, NULL);
  pthread_detach(thread);
  pthread_join(thread, NULL);
  pthread_atfork(NULL, NULL, NULL);
  pthread_exit(NULL);

  return 0;
}

Determining if the function pthread_create exists in the pthreads failed with the following output:
Change Dir: /home/jared/Physzy/cmake-build-debug/CMakeFiles/CMakeTmp

Run Build Command(s):/usr/bin/make cmTC_2f2cb/fast && /usr/bin/make -f CMakeFiles/cmTC_2f2cb.dir/build.make CMakeFiles/cmTC_2f2cb.dir/build
make[1]: Entering directory '/home/jared/Physzy/cmake-build-debug/CMakeFiles/CMakeTmp'
Building C object CMakeFiles/cmTC_2f2cb.dir/CheckFunctionExists.c.o
/opt/clang-dev/install/bin/clang   -DCHECK_FUNCTION_EXISTS=pthread_create   -o CMakeFiles/cmTC_2f2cb.dir/CheckFunctionExists.c.o   -c /home/jared/.local/share/JetBrains/Toolbox/apps/CLion/ch-0/193.5662.56/bin/cmake/linux/share/cmake-3.15/Modules/CheckFunctionExists.c
Linking C executable cmTC_2f2cb
/home/jared/.local/share/JetBrains/Toolbox/apps/CLion/ch-0/193.5662.56/bin/cmake/linux/bin/cmake -E cmake_link_script CMakeFiles/cmTC_2f2cb.dir/link.txt --verbose=1
/opt/clang-dev/install/bin/clang  -DCHECK_FUNCTION_EXISTS=pthread_create    -rdynamic CMakeFiles/cmTC_2f2cb.dir/CheckFunctionExists.c.o  -o cmTC_2f2cb -lpthreads 
/usr/bin/ld: cannot find -lpthreads
clang-8: error: linker command failed with exit code 1 (use -v to see invocation)
CMakeFiles/cmTC_2f2cb.dir/build.make:86: recipe for target 'cmTC_2f2cb' failed
make[1]: *** [cmTC_2f2cb] Error 1
make[1]: Leaving directory '/home/jared/Physzy/cmake-build-debug/CMakeFiles/CMakeTmp'
Makefile:121: recipe for target 'cmTC_2f2cb/fast' failed
make: *** [cmTC_2f2cb/fast] Error 2



